<?xml version="1.0" encoding="UTF-8"?>
<!-- Generated by org.testng.reporters.JUnitXMLReporter -->
<testsuite ignored="4" hostname="Dougs-Ultrabook" failures="0" tests="1" name="Default test" time="64.838" errors="0" timestamp="2022-12-26T11:59:53 EST">
  <testcase classname="com.tests.KayakProjectTests" name="searchTicket" time="48.859"/>
  <testcase classname="com.tests.KayakProjectTests" name="searchTicket2" time="0.0">
    <ignored/>
  </testcase> <!-- searchTicket2 -->
  <testcase classname="com.tests.KayakProjectTests" name="searchTicket4" time="0.0">
    <ignored/>
  </testcase> <!-- searchTicket4 -->
  <testcase classname="com.tests.KayakProjectTests" name="searchTicket5" time="0.0">
    <ignored/>
  </testcase> <!-- searchTicket5 -->
  <testcase classname="com.tests.KayakProjectTests" name="searchTicket3" time="0.0">
    <ignored/>
  </testcase> <!-- searchTicket3 -->
</testsuite> <!-- Default test -->
